\BOOKMARK [1][-]{figure.caption.1}{\376\377\144\130\211\201}{}% 1
\BOOKMARK [1][-]{figure.caption.1}{\376\377\000A\000b\000s\000t\000r\000a\000c\000t}{}% 2
\BOOKMARK [1][-]{section.1}{\376\377\137\025\212\000}{}% 3
\BOOKMARK [2][-]{subsection.1.1}{\376\377\170\024\172\166\200\314\146\157}{section.1}% 4
\BOOKMARK [2][-]{subsection.1.2}{\376\377\166\370\121\163\170\024\172\166}{section.1}% 5
\BOOKMARK [2][-]{subsection.1.3}{\376\377\142\021\116\354\166\204\135\345\117\134}{section.1}% 6
\BOOKMARK [2][-]{subsection.1.4}{\376\377\147\054\145\207\166\204\176\304\176\307\176\323\147\204}{section.1}% 7
\BOOKMARK [1][-]{section.2}{\376\377\200\314\146\157\123\312\166\370\121\163\135\345\117\134}{}% 8
\BOOKMARK [2][-]{subsection.2.1}{\376\377\000N\000V\000I\000D\000I\000A\000\040\000G\000P\000U\170\154\116\366}{section.2}% 9
\BOOKMARK [3][-]{subsubsection.2.1.1}{\376\377\000G\000P\000U\202\257\162\107\140\073\117\123\176\323\147\204}{subsection.2.1}% 10
\BOOKMARK [3][-]{subsubsection.2.1.2}{\376\377\117\017\162\171\000/\126\376\160\165\147\266\147\204\145\260\170\154\116\366}{subsection.2.1}% 11
\BOOKMARK [3][-]{subsubsection.2.1.3}{\376\377\176\277\172\013\176\304\176\307\137\142\137\017\116\016\214\003\136\246\145\271\137\017}{subsection.2.1}% 12
\BOOKMARK [2][-]{subsection.2.2}{\376\377\000N\000V\000I\000D\000I\000A\000\040\000G\000P\000U\166\370\121\163\217\157\116\366}{section.2}% 13
\BOOKMARK [3][-]{subsubsection.2.2.1}{\376\377\147\072\126\150\133\146\116\140\150\106\147\266\000\050\000T\000e\000n\000s\000o\000r\000\040\000F\000l\000o\000w\000\051}{subsection.2.2}% 14
\BOOKMARK [3][-]{subsubsection.2.2.2}{\376\377\000C\000U\000D\000A}{subsection.2.2}% 15
\BOOKMARK [3][-]{subsubsection.2.2.3}{\376\377\170\154\116\366\116\343\170\001\000\050\000S\000A\000S\000S\000\051\116\016\116\055\225\364\116\343\170\001\000\050\000P\000T\000X\000\051}{subsection.2.2}% 16
\BOOKMARK [2][-]{subsection.2.3}{\376\377\171\136\176\317\177\121\176\334\143\250\164\006\135\345\121\167\000T\000e\000n\000s\000o\000r\000R\000T\116\016\166\370\136\224\170\154\116\366\136\163\123\360\000J\000e\000t\000s\000o\000n}{section.2}% 17
\BOOKMARK [2][-]{subsection.2.4}{\376\377\140\047\200\375\213\304\117\060\000\050\000P\000r\000o\000f\000i\000l\000i\000n\000g\000\051\135\345\121\167}{section.2}% 18
\BOOKMARK [2][-]{subsection.2.5}{\376\377\127\372\116\216\000G\000P\000U\166\204\147\072\126\150\133\146\116\140\136\224\165\050}{section.2}% 19
\BOOKMARK [1][-]{section.3}{\376\377\213\304\117\060\000N\000V\000I\000D\000I\000A\145\260\147\266\147\204\000G\000P\000U\166\204\147\072\126\150\133\146\116\140\136\224\165\050\140\047\200\375}{}% 20
\BOOKMARK [2][-]{subsection.3.1}{\376\377\133\236\232\214\135\345\121\167\116\016\163\257\130\203}{section.3}% 21
\BOOKMARK [2][-]{subsection.3.2}{\376\377\127\372\116\216\140\047\200\375\213\304\117\060\166\204\000B\000e\000n\000c\000h\000m\000a\000r\000k}{section.3}% 22
\BOOKMARK [3][-]{subsubsection.3.2.1}{\376\377\220\032\165\050\167\351\226\065\116\130\154\325\217\320\173\227\000\050\000G\000E\000M\000M\000,\000\040\000G\000e\000n\000e\000r\000a\000l\000\040\000M\000a\000t\000r\000i\000x\000\040\000M\000u\000l\000t\000i\000p\000l\000y\000\051}{subsection.3.2}% 23
\BOOKMARK [3][-]{subsubsection.3.2.2}{\376\377\167\351\226\065\116\130\154\325\217\320\173\227}{subsection.3.2}% 24
\BOOKMARK [3][-]{subsubsection.3.2.3}{\376\377\123\167\171\357\217\320\173\227}{subsection.3.2}% 25
\BOOKMARK [2][-]{subsection.3.3}{\376\377\127\372\116\216\000C\000U\000D\000A\156\220\170\001\166\204\136\224\165\050}{section.3}% 26
\BOOKMARK [3][-]{subsubsection.3.3.1}{\376\377\127\372\116\216\000c\000u\000D\000N\000N\166\204\123\167\171\357\171\136\176\317\177\121\176\334\000\050\000C\000N\000N\000\051}{subsection.3.3}% 27
\BOOKMARK [3][-]{subsubsection.3.3.2}{\376\377\136\166\210\114\147\000\134\017\136\217\122\027\117\030\123\026\145\057\143\001\124\021\221\317\147\072\000\050\000S\000M\000O\000-\000S\000V\000M\000\051}{subsection.3.3}% 28
\BOOKMARK [2][-]{subsection.3.4}{\376\377\127\372\116\216\000T\000e\000n\000s\000o\000r\000R\000T\166\204\171\136\176\317\177\121\176\334\143\250\164\006}{section.3}% 29
\BOOKMARK [2][-]{subsection.3.5}{\376\377\127\372\116\216\000T\000e\000n\000s\000o\000r\000\040\000F\000l\000o\000w\000-\000G\000P\000U\150\106\147\266\166\204\136\224\165\050}{section.3}% 30
\BOOKMARK [1][-]{section.4}{\376\377\140\073\176\323\116\016\134\125\147\033}{}% 31
\BOOKMARK [2][-]{subsection.4.1}{\376\377\140\073\176\323}{section.4}% 32
\BOOKMARK [2][-]{subsection.4.2}{\376\377\134\125\147\033}{section.4}% 33
\BOOKMARK [1][-]{section*.52}{\376\377\123\302\200\003\145\207\163\056}{}% 34
\BOOKMARK [1][-]{section*.54}{\376\377\201\364\214\042}{}% 35
